.
├── README.md
├── components.json
├── eslint.config.mjs
├── filetree.log
├── next-env.d.ts
├── next.config.ts
├── package-lock.json
├── package.json
├── postcss.config.js
├── public
│   ├── file.svg
│   ├── globe.svg
│   ├── next.svg
│   ├── vercel.svg
│   └── window.svg
├── src
│   ├── app
│   │   ├── favicon.ico
│   │   ├── fonts.ts
│   │   ├── globals.css
│   │   ├── layout.tsx
│   │   └── page.tsx
│   ├── components
│   │   ├── AdaptiveCard.jsx
│   │   ├── AdaptiveCard.module.css
│   │   ├── AuroraBackground.tsx
│   │   ├── BlobAvatar.tsx
│   │   ├── Cards.tsx
│   │   ├── ClientComponents.tsx
│   │   ├── MessageDisplay.tsx
│   │   ├── NotFound.tsx
│   │   ├── VoiceAvatar.tsx
│   │   ├── activate-roaming-card.tsx
│   │   ├── confirm-roaming-card.tsx
│   │   ├── confirmation-card.tsx
│   │   ├── option-detail-card.tsx
│   │   ├── pages
│   │   │   └── HomeScreen.tsx
│   │   ├── payment-settings-card.tsx
│   │   ├── roaming-option-card.tsx
│   │   ├── roaming-option-detail-card.tsx
│   │   └── ui
│   │       ├── accordion.tsx
│   │       ├── alert-dialog.tsx
│   │       ├── alert.tsx
│   │       ├── aspect-ratio.tsx
│   │       ├── avatar.tsx
│   │       ├── badge.tsx
│   │       ├── breadcrumb.tsx
│   │       ├── button.tsx
│   │       ├── calendar.tsx
│   │       ├── card.tsx
│   │       ├── carousel.tsx
│   │       ├── chart.tsx
│   │       ├── checkbox.tsx
│   │       ├── collapsible.tsx
│   │       ├── command.tsx
│   │       ├── context-menu.tsx
│   │       ├── dialog.tsx
│   │       ├── drawer.tsx
│   │       ├── dropdown-menu.tsx
│   │       ├── form.tsx
│   │       ├── hover-card.tsx
│   │       ├── input-otp.tsx
│   │       ├── input.tsx
│   │       ├── label.tsx
│   │       ├── menubar.tsx
│   │       ├── navigation-menu.tsx
│   │       ├── pagination.tsx
│   │       ├── popover.tsx
│   │       ├── progress.tsx
│   │       ├── radio-group.tsx
│   │       ├── resizable.tsx
│   │       ├── scroll-area.tsx
│   │       ├── select.tsx
│   │       ├── separator.tsx
│   │       ├── sheet.tsx
│   │       ├── sidebar.tsx
│   │       ├── skeleton.tsx
│   │       ├── slider.tsx
│   │       ├── sonner.tsx
│   │       ├── switch.tsx
│   │       ├── table.tsx
│   │       ├── tabs.tsx
│   │       ├── textarea.tsx
│   │       ├── toast.tsx
│   │       ├── toaster.tsx
│   │       ├── toggle-group.tsx
│   │       ├── toggle.tsx
│   │       ├── tooltip.tsx
│   │       └── use-toast.ts
│   ├── fonts
│   │   ├── MarkPro-Black.ttf
│   │   ├── MarkPro-ExtraLight.ttf
│   │   ├── MarkPro-Hairline.ttf
│   │   ├── MarkPro-Heavy.ttf
│   │   ├── MarkPro-Light.ttf
│   │   ├── MarkPro-Medium.ttf
│   │   ├── MarkPro-Thin.ttf
│   │   └── MarkPro.ttf
│   ├── hooks
│   │   ├── use-elevenlabs.tsx
│   │   ├── use-mobile.tsx
│   │   └── use-toast.ts
│   ├── lib
│   │   └── utils.ts
│   ├── pages
│   └── utils
├── tailwind.config.css
├── tsconfig.json
├── yarn-error.log
└── yarn.lock

12 directories, 101 files
